Determining if the pthread_create exist failed with the following output:
Change Dir: /home/qxh/mine3/build/CMakeFiles/CMakeTmp

Run Build Command:"/usr/bin/make" "cmTC_628d4/fast"
/usr/bin/make -f CMakeFiles/cmTC_628d4.dir/build.make CMakeFiles/cmTC_628d4.dir/build
make[1]: Entering directory '/home/qxh/mine3/build/CMakeFiles/CMakeTmp'
Building C object CMakeFiles/cmTC_628d4.dir/CheckSymbolExists.c.o
/usr/bin/cc     -o CMakeFiles/cmTC_628d4.dir/CheckSymbolExists.c.o   -c /home/qxh/mine3/build/CMakeFiles/CMakeTmp/CheckSymbolExists.c
Linking C executable cmTC_628d4
/usr/bin/cmake -E cmake_link_script CMakeFiles/cmTC_628d4.dir/link.txt --verbose=1
/usr/bin/cc       CMakeFiles/cmTC_628d4.dir/CheckSymbolExists.c.o  -o cmTC_628d4 -rdynamic 
CMakeFiles/cmTC_628d4.dir/CheckSymbolExists.c.o: In function `main':
CheckSymbolExists.c:(.text+0x16): undefined reference to `pthread_create'
collect2: error: ld returned 1 exit status
CMakeFiles/cmTC_628d4.dir/build.make:97: recipe for target 'cmTC_628d4' failed
make[1]: *** [cmTC_628d4] Error 1
make[1]: Leaving directory '/home/qxh/mine3/build/CMakeFiles/CMakeTmp'
Makefile:126: recipe for target 'cmTC_628d4/fast' failed
make: *** [cmTC_628d4/fast] Error 2

File /home/qxh/mine3/build/CMakeFiles/CMakeTmp/CheckSymbolExists.c:
/* */
#include <pthread.h>

int main(int argc, char** argv)
{
  (void)argv;
#ifndef pthread_create
  return ((int*)(&pthread_create))[argc];
#else
  (void)argc;
  return 0;
#endif
}

Determining if the function pthread_create exists in the pthreads failed with the following output:
Change Dir: /home/qxh/mine3/build/CMakeFiles/CMakeTmp

Run Build Command:"/usr/bin/make" "cmTC_60cb4/fast"
/usr/bin/make -f CMakeFiles/cmTC_60cb4.dir/build.make CMakeFiles/cmTC_60cb4.dir/build
make[1]: Entering directory '/home/qxh/mine3/build/CMakeFiles/CMakeTmp'
Building C object CMakeFiles/cmTC_60cb4.dir/CheckFunctionExists.c.o
/usr/bin/cc    -DCHECK_FUNCTION_EXISTS=pthread_create   -o CMakeFiles/cmTC_60cb4.dir/CheckFunctionExists.c.o   -c /usr/share/cmake-3.5/Modules/CheckFunctionExists.c
Linking C executable cmTC_60cb4
/usr/bin/cmake -E cmake_link_script CMakeFiles/cmTC_60cb4.dir/link.txt --verbose=1
/usr/bin/cc   -DCHECK_FUNCTION_EXISTS=pthread_create    CMakeFiles/cmTC_60cb4.dir/CheckFunctionExists.c.o  -o cmTC_60cb4 -rdynamic -lpthreads 
/usr/bin/ld: cannot find -lpthreads
collect2: error: ld returned 1 exit status
CMakeFiles/cmTC_60cb4.dir/build.make:97: recipe for target 'cmTC_60cb4' failed
make[1]: *** [cmTC_60cb4] Error 1
make[1]: Leaving directory '/home/qxh/mine3/build/CMakeFiles/CMakeTmp'
Makefile:126: recipe for target 'cmTC_60cb4/fast' failed
make: *** [cmTC_60cb4/fast] Error 2


